<?xml version="1.0" encoding="UTF-8"?>
<!-- Generated by org.testng.reporters.JUnitXMLReporter -->
<testsuite ignored="0" hostname="DESKTOP-8SJFQJ0" failures="0" tests="4" name="Default test" time="40.362" errors="0" timestamp="2023-01-22T16:54:18 IST">
  <testcase classname="com.testNG.E_UseSelenium" name="openFacebook" time="13.93"/>
  <testcase classname="com.testNG.E_UseSelenium" name="openGoogle" time="8.788"/>
  <testcase classname="com.testNG.E_UseSelenium" name="openTestleaf" time="10.745"/>
  <testcase classname="com.testNG.E_UseSelenium" name="openinta" time="6.696"/>
</testsuite> <!-- Default test -->
