<?xml version="1.0" encoding="UTF-8"?>
<testng-results ignored="0" total="4" passed="4" failed="0" skipped="0">
  <reporter-output>
  </reporter-output>
  <suite started-at="2023-01-22T16:53:37 IST" name="Default suite" finished-at="2023-01-22T16:54:18 IST" duration-ms="40362">
    <groups>
    </groups>
    <test started-at="2023-01-22T16:53:37 IST" name="Default test" finished-at="2023-01-22T16:54:18 IST" duration-ms="40362">
      <class name="com.testNG.E_UseSelenium">
        <test-method signature="openFacebook()[pri:0, instance:com.testNG.E_UseSelenium@2e1d27ba]" started-at="2023-01-22T16:53:38 IST" name="openFacebook" finished-at="2023-01-22T16:53:51 IST" duration-ms="13930" status="PASS">
          <reporter-output>
          </reporter-output>
        </test-method> <!-- openFacebook -->
        <test-method signature="openGoogle()[pri:0, instance:com.testNG.E_UseSelenium@2e1d27ba]" started-at="2023-01-22T16:53:52 IST" name="openGoogle" finished-at="2023-01-22T16:54:00 IST" duration-ms="8788" status="PASS">
          <reporter-output>
          </reporter-output>
        </test-method> <!-- openGoogle -->
        <test-method signature="openTestleaf()[pri:0, instance:com.testNG.E_UseSelenium@2e1d27ba]" started-at="2023-01-22T16:54:00 IST" name="openTestleaf" finished-at="2023-01-22T16:54:11 IST" duration-ms="10745" status="PASS">
          <reporter-output>
          </reporter-output>
        </test-method> <!-- openTestleaf -->
        <test-method signature="openinta()[pri:0, instance:com.testNG.E_UseSelenium@2e1d27ba]" started-at="2023-01-22T16:54:11 IST" name="openinta" finished-at="2023-01-22T16:54:18 IST" duration-ms="6696" status="PASS">
          <reporter-output>
          </reporter-output>
        </test-method> <!-- openinta -->
      </class> <!-- com.testNG.E_UseSelenium -->
    </test> <!-- Default test -->
  </suite> <!-- Default suite -->
</testng-results>
